
      👋 Welcome to Streamlit!

      If you'd like to receive helpful onboarding emails, news, offers, promotions,
      and the occasional swag, please enter your email address below. Otherwise,
      leave this field blank.

      Email: [0m
  You can find our privacy policy at https://streamlit.io/privacy-policy

  Summary:
  - This open source library collects usage statistics.
  - We cannot see and do not store information contained inside Streamlit apps,
    such as text, charts, images, etc.
  - Telemetry data is stored in servers in the United States.
  - If you'd like to opt out, add the following to ~/.streamlit/config.toml,
    creating that file if necessary:

    [browser]
    gatherUsageStats = false


  You can now view your Streamlit app in your browser.

  Local URL: http://localhost:8501
  Network URL: http://10.7.3.141:8501

  For better performance, install the Watchdog module:

  $ xcode-select --install
  $ pip install watchdog
            
